{"U:\\workspace\\4ghz\\src\\App.tsx": {"path":"U:\\workspace\\4ghz\\src\\App.tsx","statementMap":{"0":{"start":{"line":4,"column":2},"end":{"line":11,"column":null}}},"fnMap":{"0":{"name":"App","decl":{"start":{"line":3,"column":24},"end":{"line":3,"column":30}},"loc":{"start":{"line":3,"column":30},"end":{"line":13,"column":null}},"line":3}},"branchMap":{},"s":{"0":1},"f":{"0":1},"b":{},"meta":{"lastBranch":0,"lastFunction":1,"lastStatement":1,"seen":{"f:3:24:3:30":0,"s:4:2:11:Infinity":0},"fnNames":{}}}
,"U:\\workspace\\4ghz\\src\\vite-env.d.ts": {"path":"U:\\workspace\\4ghz\\src\\vite-env.d.ts","statementMap":{},"fnMap":{},"branchMap":{},"s":{},"f":{},"b":{},"meta":{"lastBranch":0,"lastFunction":0,"lastStatement":0,"seen":{},"fnNames":{}}}
}
